2025-02-12 17:04:13,469 - INFO - Using device: cpu
2025-02-12 17:04:13,469 - INFO - Creating datasets...
2025-02-12 17:04:14,010 - INFO - Creating data loaders...
2025-02-12 17:04:14,010 - INFO - Initializing model...
2025-02-12 17:04:14,631 - INFO - Model checkpoints will be saved to checkpoints\20250212_170414
2025-02-12 17:04:14,631 - INFO - 
Epoch 1/100
2025-02-12 17:05:14,636 - INFO - Batch 0/50 - Loss: 59.9176
2025-02-12 17:08:12,706 - INFO - Using device: cpu
2025-02-12 17:08:12,707 - INFO - Creating datasets...
2025-02-12 17:08:12,974 - INFO - Creating data loaders...
2025-02-12 17:08:12,974 - INFO - Initializing model...
2025-02-12 17:08:13,467 - INFO - Model checkpoints will be saved to checkpoints\20250212_170813
2025-02-12 17:08:13,473 - INFO - 
Epoch 1/100
2025-02-12 17:08:21,199 - INFO - Epoch 1, Batch 0/197 - Loss: -94.3032, Avg Loss: -94.3032
2025-02-12 17:10:14,138 - INFO - Epoch 1, Batch 5/197 - Loss: -57246904320.0000, Avg Loss: -9904779974.9959
2025-02-12 17:11:00,728 - INFO - Epoch 1, Batch 10/197 - Loss: -3769921871250265735168.0000, Avg Loss: -342720170492588982272.0000
2025-02-12 17:11:48,634 - INFO - Epoch 1, Batch 15/197 - Loss: 69121713308172288.0000, Avg Loss: -270760468543515821867008.0000
2025-02-12 17:12:39,993 - INFO - Epoch 1, Batch 20/197 - Loss: -138503669153792.0000, Avg Loss: -203956233305463493492736.0000
2025-02-12 17:13:29,043 - INFO - Epoch 1, Batch 25/197 - Loss: -3537263656960.0000, Avg Loss: -164733940886177973272576.0000
2025-02-12 17:14:18,818 - INFO - Epoch 1, Batch 30/197 - Loss: -1363636144570368.0000, Avg Loss: -138163950477264373678080.0000
2025-02-12 17:15:09,388 - INFO - Epoch 1, Batch 35/197 - Loss: -9005016874483712.0000, Avg Loss: -111654800462925262749696.0000
2025-02-12 17:15:58,960 - INFO - Epoch 1, Batch 40/197 - Loss: -4429833027190784.0000, Avg Loss: -3925125865319894907617280.0000
2025-02-12 17:16:49,564 - INFO - Epoch 1, Batch 45/197 - Loss: -4671428695687168.0000, Avg Loss: -3498481730597395202310144.0000
2025-02-12 17:17:40,905 - INFO - Epoch 1, Batch 50/197 - Loss: -8856961835597824.0000, Avg Loss: -5069038931382665532669952.0000
2025-02-12 17:18:32,569 - INFO - Epoch 1, Batch 55/197 - Loss: 144716586576510976.0000, Avg Loss: -4616446189178079078776832.0000
2025-02-12 17:19:23,171 - INFO - Epoch 1, Batch 60/197 - Loss: -14251906226454528.0000, Avg Loss: -4238048961188426982359040.0000
2025-02-12 17:20:13,748 - INFO - Epoch 1, Batch 65/197 - Loss: -2275411127959552.0000, Avg Loss: -3916984646549567694700544.0000
2025-02-12 17:21:05,521 - INFO - Epoch 1, Batch 70/197 - Loss: -4545266178850816.0000, Avg Loss: -3641140657789227122032640.0000
2025-02-12 17:21:57,930 - INFO - Epoch 1, Batch 75/197 - Loss: 19708690969895597244416.0000, Avg Loss: -3401332605689947934949376.0000
2025-02-12 17:22:49,757 - INFO - Epoch 1, Batch 80/197 - Loss: -6624830287773696.0000, Avg Loss: -5045379530616691887177728.0000
2025-02-12 17:23:41,458 - INFO - Epoch 1, Batch 85/197 - Loss: -6245892302569472.0000, Avg Loss: -4752040987227071516246016.0000
2025-02-12 17:24:33,866 - INFO - Epoch 1, Batch 90/197 - Loss: -2791996909420544.0000, Avg Loss: -4490905565743189113962496.0000
2025-02-12 17:25:33,588 - INFO - Epoch 1, Batch 95/197 - Loss: -348011133665280.0000, Avg Loss: -4257004235314301908287488.0000
2025-02-12 17:26:29,821 - INFO - Epoch 1, Batch 100/197 - Loss: -139770055360512.0000, Avg Loss: -4046261451406593960706048.0000
2025-02-12 17:27:26,365 - INFO - Epoch 1, Batch 105/197 - Loss: -580418524938240.0000, Avg Loss: -3855460501789795973857280.0000
2025-02-12 17:28:21,239 - INFO - Epoch 1, Batch 110/197 - Loss: -732002550546432.0000, Avg Loss: -3705635537663812108812288.0000
2025-02-12 17:29:11,317 - INFO - Epoch 1, Batch 115/197 - Loss: -74898611825016832.0000, Avg Loss: -3558333686129737863266304.0000
2025-02-12 17:30:01,169 - INFO - Epoch 1, Batch 120/197 - Loss: -925747384418304.0000, Avg Loss: -3413474499118207009292288.0000
2025-02-12 17:30:52,113 - INFO - Epoch 1, Batch 125/197 - Loss: 662714124712387454959616.0000, Avg Loss: -3285347061176203667832832.0000
2025-02-12 17:31:42,033 - INFO - Epoch 1, Batch 130/197 - Loss: -559432106770432.0000, Avg Loss: -3159952136581973207416832.0000
2025-02-12 17:32:32,397 - INFO - Epoch 1, Batch 135/197 - Loss: -641457727733760.0000, Avg Loss: -3045374831642134360096768.0000
2025-02-12 17:33:20,831 - INFO - Epoch 1, Batch 140/197 - Loss: -946488519688192.0000, Avg Loss: -2138581299073577117548544.0000
2025-02-12 17:34:11,379 - INFO - Epoch 1, Batch 145/197 - Loss: -161766290351334621184.0000, Avg Loss: -1916179115048909651574784.0000
2025-02-12 17:35:00,586 - INFO - Epoch 1, Batch 150/197 - Loss: nan, Avg Loss: nan
2025-02-12 17:35:50,177 - INFO - Epoch 1, Batch 155/197 - Loss: nan, Avg Loss: nan
2025-02-12 17:36:37,623 - INFO - Epoch 1, Batch 160/197 - Loss: nan, Avg Loss: nan
2025-02-12 17:37:27,156 - INFO - Epoch 1, Batch 165/197 - Loss: nan, Avg Loss: nan
2025-02-12 17:38:15,482 - INFO - Epoch 1, Batch 170/197 - Loss: nan, Avg Loss: nan
2025-02-12 17:39:03,711 - INFO - Epoch 1, Batch 175/197 - Loss: nan, Avg Loss: nan
2025-02-12 17:39:53,665 - INFO - Epoch 1, Batch 180/197 - Loss: nan, Avg Loss: nan
2025-02-12 17:40:40,740 - INFO - Epoch 1, Batch 185/197 - Loss: nan, Avg Loss: nan
2025-02-12 17:41:29,197 - INFO - Epoch 1, Batch 190/197 - Loss: nan, Avg Loss: nan
2025-02-12 17:42:18,186 - INFO - Epoch 1, Batch 195/197 - Loss: nan, Avg Loss: nan
2025-02-12 17:42:27,276 - INFO - Average training loss: nan
2025-02-12 17:42:31,020 - ERROR - Error in validation: 'list' object has no attribute 'values'
2025-02-12 17:42:34,807 - ERROR - Error in validation: 'list' object has no attribute 'values'
2025-02-12 17:42:38,727 - ERROR - Error in validation: 'list' object has no attribute 'values'
2025-02-12 17:42:42,424 - ERROR - Error in validation: 'list' object has no attribute 'values'
2025-02-12 17:42:46,180 - ERROR - Error in validation: 'list' object has no attribute 'values'
2025-02-12 17:42:49,993 - ERROR - Error in validation: 'list' object has no attribute 'values'
2025-02-12 17:42:53,773 - ERROR - Error in validation: 'list' object has no attribute 'values'
2025-02-12 17:42:57,485 - ERROR - Error in validation: 'list' object has no attribute 'values'
2025-02-12 17:43:01,358 - ERROR - Error in validation: 'list' object has no attribute 'values'
2025-02-12 17:43:05,126 - ERROR - Error in validation: 'list' object has no attribute 'values'
2025-02-12 17:43:08,919 - ERROR - Error in validation: 'list' object has no attribute 'values'
2025-02-12 17:43:12,771 - ERROR - Error in validation: 'list' object has no attribute 'values'
2025-02-12 17:43:16,534 - ERROR - Error in validation: 'list' object has no attribute 'values'
2025-02-12 17:43:20,063 - ERROR - Error in validation: 'list' object has no attribute 'values'
2025-02-12 17:43:23,950 - ERROR - Error in validation: 'list' object has no attribute 'values'
2025-02-12 17:43:27,506 - ERROR - Error in validation: 'list' object has no attribute 'values'
2025-02-12 17:43:31,394 - ERROR - Error in validation: 'list' object has no attribute 'values'
2025-02-12 17:43:35,047 - ERROR - Error in validation: 'list' object has no attribute 'values'
2025-02-12 17:43:38,808 - ERROR - Error in validation: 'list' object has no attribute 'values'
2025-02-12 17:43:42,413 - ERROR - Error in validation: 'list' object has no attribute 'values'
2025-02-12 17:43:46,054 - ERROR - Error in validation: 'list' object has no attribute 'values'
2025-02-12 17:43:49,712 - ERROR - Error in validation: 'list' object has no attribute 'values'
2025-02-12 17:43:53,404 - ERROR - Error in validation: 'list' object has no attribute 'values'
2025-02-12 17:43:57,513 - ERROR - Error in validation: 'list' object has no attribute 'values'
2025-02-12 17:44:01,724 - ERROR - Error in validation: 'list' object has no attribute 'values'
2025-02-12 17:44:18,889 - ERROR - Error in validation: 'list' object has no attribute 'values'
2025-02-12 17:44:26,560 - ERROR - Error in validation: 'list' object has no attribute 'values'
2025-02-12 17:44:29,586 - ERROR - Error in validation: 'list' object has no attribute 'values'
2025-02-12 17:44:33,064 - ERROR - Error in validation: 'list' object has no attribute 'values'
2025-02-12 17:44:36,232 - ERROR - Error in validation: 'list' object has no attribute 'values'
2025-02-12 17:44:47,829 - ERROR - Error in validation: 'list' object has no attribute 'values'
2025-02-12 17:44:51,297 - ERROR - Error in validation: 'list' object has no attribute 'values'
2025-02-12 17:44:54,644 - ERROR - Error in validation: 'list' object has no attribute 'values'
2025-02-12 17:44:57,999 - ERROR - Error in validation: 'list' object has no attribute 'values'
2025-02-12 17:45:01,443 - ERROR - Error in validation: 'list' object has no attribute 'values'
2025-02-12 17:45:04,997 - ERROR - Error in validation: 'list' object has no attribute 'values'
2025-02-12 17:45:08,338 - ERROR - Error in validation: 'list' object has no attribute 'values'
2025-02-12 17:45:11,830 - ERROR - Error in validation: 'list' object has no attribute 'values'
2025-02-12 17:45:15,335 - ERROR - Error in validation: 'list' object has no attribute 'values'
2025-02-12 17:45:18,845 - ERROR - Error in validation: 'list' object has no attribute 'values'
2025-02-12 17:45:22,465 - ERROR - Error in validation: 'list' object has no attribute 'values'
2025-02-12 17:45:25,986 - ERROR - Error in validation: 'list' object has no attribute 'values'
2025-02-12 17:45:29,500 - ERROR - Error in validation: 'list' object has no attribute 'values'
2025-02-12 17:45:32,892 - ERROR - Error in validation: 'list' object has no attribute 'values'
2025-02-12 17:45:36,459 - ERROR - Error in validation: 'list' object has no attribute 'values'
2025-02-12 17:45:40,000 - ERROR - Error in validation: 'list' object has no attribute 'values'
2025-02-12 17:45:43,586 - ERROR - Error in validation: 'list' object has no attribute 'values'
2025-02-12 17:45:47,249 - ERROR - Error in validation: 'list' object has no attribute 'values'
2025-02-12 17:45:51,003 - ERROR - Error in validation: 'list' object has no attribute 'values'
2025-02-12 17:45:52,936 - ERROR - Error in validation: 'list' object has no attribute 'values'
2025-02-12 17:45:53,012 - INFO - Average validation loss: nan
2025-02-12 17:45:53,118 - INFO - 
Epoch 2/100
2025-02-12 17:46:02,542 - INFO - Epoch 2, Batch 0/197 - Loss: nan, Avg Loss: nan
2025-02-12 17:46:51,555 - INFO - Epoch 2, Batch 5/197 - Loss: nan, Avg Loss: nan
2025-02-12 17:47:42,028 - INFO - Epoch 2, Batch 10/197 - Loss: nan, Avg Loss: nan
2025-02-12 17:49:23,017 - INFO - Using device: cpu
2025-02-12 17:49:23,017 - INFO - Creating datasets...
2025-02-12 17:49:23,452 - INFO - Creating data loaders...
2025-02-12 17:49:23,453 - INFO - Initializing model...
2025-02-12 17:49:24,151 - INFO - Model checkpoints will be saved to checkpoints\20250212_174924
2025-02-12 17:49:24,151 - INFO - 
Epoch 1/100
2025-02-12 17:59:05,205 - INFO - Using device: cpu
2025-02-12 17:59:05,205 - INFO - Creating datasets...
2025-02-12 18:02:08,818 - INFO - Using device: cpu
2025-02-12 18:02:08,834 - INFO - Creating datasets...
2025-02-12 18:02:09,158 - INFO - Creating data loaders...
2025-02-12 18:02:09,159 - INFO - Initializing model...
2025-02-12 18:02:09,159 - ERROR - Training failed: module 'torchvision.models.detection' has no attribute 'maskrcnn_resnet101_fpn'
2025-02-12 18:02:09,160 - ERROR - Failed to start training: module 'torchvision.models.detection' has no attribute 'maskrcnn_resnet101_fpn'
2025-02-12 18:03:27,913 - INFO - Using device: cpu
2025-02-12 18:03:27,913 - INFO - Creating datasets...
2025-02-12 18:03:28,305 - INFO - Creating data loaders...
2025-02-12 18:03:28,305 - INFO - Initializing model...
2025-02-12 18:04:09,524 - INFO - Model checkpoints will be saved to checkpoints\20250212_180409
2025-02-12 18:04:09,524 - INFO - 
Epoch 1/300
2025-02-12 18:04:09,531 - ERROR - Training failed: Your 'label_fields' are not valid - them must have same names as params in dict
2025-02-12 18:04:09,538 - ERROR - Failed to start training: Your 'label_fields' are not valid - them must have same names as params in dict
2025-02-12 18:06:04,579 - INFO - Using device: cpu
2025-02-12 18:06:04,579 - INFO - Creating datasets...
2025-02-12 18:06:04,923 - INFO - Creating data loaders...
2025-02-12 18:06:04,923 - INFO - Initializing model...
2025-02-12 18:06:06,896 - INFO - Model checkpoints will be saved to checkpoints\20250212_180606
2025-02-12 18:06:06,898 - INFO - 
Epoch 1/300
2025-02-12 18:06:10,503 - ERROR - Error in batch 0: 'Tensor' object has no attribute 'keys'
2025-02-12 18:06:14,953 - ERROR - Error in batch 1: 'Tensor' object has no attribute 'keys'
2025-02-12 18:06:19,461 - ERROR - Error in batch 2: 'Tensor' object has no attribute 'keys'
2025-02-12 18:06:23,790 - ERROR - Error in batch 3: 'Tensor' object has no attribute 'keys'
